[2026-04-20T23:38:17.101Z] [INFO] Scheduled task: Full anatomy rescan (0 */6 * * *)
[2026-04-20T23:38:17.102Z] [INFO] Scheduled task: Consolidate old memory (0 2 * * *)
[2026-04-20T23:38:17.102Z] [INFO] Scheduled task: Token audit report (0 0 * * 1)
[2026-04-20T23:38:17.102Z] [INFO] Scheduled task: Cerebrum reflection (0 3 * * 0)
[2026-04-20T23:38:17.102Z] [INFO] Scheduled task: AI suggestions (0 4 * * 1)
[2026-04-20T23:38:17.103Z] [INFO] File watcher started on .wolf/
[2026-04-20T23:38:17.103Z] [INFO] OpenWolf daemon started
[2026-04-20T23:38:17.104Z] [INFO] Dashboard server listening on port 18791
[2026-04-20T23:38:17.207Z] [INFO] Scheduled task: Full anatomy rescan (0 */6 * * *)
[2026-04-20T23:38:17.208Z] [INFO] Scheduled task: Consolidate old memory (0 2 * * *)
[2026-04-20T23:38:17.208Z] [INFO] Scheduled task: Token audit report (0 0 * * 1)
[2026-04-20T23:38:17.208Z] [INFO] Scheduled task: Cerebrum reflection (0 3 * * 0)
[2026-04-20T23:38:17.208Z] [INFO] Scheduled task: AI suggestions (0 4 * * 1)
[2026-04-20T23:38:17.209Z] [INFO] File watcher started on .wolf/
[2026-04-20T23:38:17.209Z] [INFO] OpenWolf daemon started
[2026-04-20T23:38:17.209Z] [INFO] Dashboard server listening on port 18791
[2026-04-20T23:38:17.314Z] [INFO] Scheduled task: Full anatomy rescan (0 */6 * * *)
[2026-04-20T23:38:17.315Z] [INFO] Scheduled task: Consolidate old memory (0 2 * * *)
[2026-04-20T23:38:17.316Z] [INFO] Scheduled task: Token audit report (0 0 * * 1)
[2026-04-20T23:38:17.316Z] [INFO] Scheduled task: Cerebrum reflection (0 3 * * 0)
[2026-04-20T23:38:17.316Z] [INFO] Scheduled task: AI suggestions (0 4 * * 1)
[2026-04-20T23:38:17.316Z] [INFO] File watcher started on .wolf/
[2026-04-20T23:38:17.317Z] [INFO] OpenWolf daemon started
[2026-04-20T23:38:17.317Z] [INFO] Dashboard server listening on port 18791
[2026-04-20T23:38:17.436Z] [INFO] Scheduled task: Full anatomy rescan (0 */6 * * *)
[2026-04-20T23:38:17.437Z] [INFO] Scheduled task: Consolidate old memory (0 2 * * *)
[2026-04-20T23:38:17.437Z] [INFO] Scheduled task: Token audit report (0 0 * * 1)
[2026-04-20T23:38:17.437Z] [INFO] Scheduled task: Cerebrum reflection (0 3 * * 0)
[2026-04-20T23:38:17.438Z] [INFO] Scheduled task: AI suggestions (0 4 * * 1)
[2026-04-20T23:38:17.438Z] [INFO] File watcher started on .wolf/
[2026-04-20T23:38:17.438Z] [INFO] OpenWolf daemon started
[2026-04-20T23:38:17.439Z] [INFO] Dashboard server listening on port 18791
[2026-04-20T23:38:17.547Z] [INFO] Scheduled task: Full anatomy rescan (0 */6 * * *)
[2026-04-20T23:38:17.548Z] [INFO] Scheduled task: Consolidate old memory (0 2 * * *)
[2026-04-20T23:38:17.548Z] [INFO] Scheduled task: Token audit report (0 0 * * 1)
[2026-04-20T23:38:17.549Z] [INFO] Scheduled task: Cerebrum reflection (0 3 * * 0)
[2026-04-20T23:38:17.549Z] [INFO] Scheduled task: AI suggestions (0 4 * * 1)
[2026-04-20T23:38:17.549Z] [INFO] File watcher started on .wolf/
[2026-04-20T23:38:17.550Z] [INFO] OpenWolf daemon started
[2026-04-20T23:38:17.550Z] [INFO] Dashboard server listening on port 18791
[2026-04-20T23:38:17.658Z] [INFO] Scheduled task: Full anatomy rescan (0 */6 * * *)
[2026-04-20T23:38:17.659Z] [INFO] Scheduled task: Consolidate old memory (0 2 * * *)
[2026-04-20T23:38:17.659Z] [INFO] Scheduled task: Token audit report (0 0 * * 1)
[2026-04-20T23:38:17.660Z] [INFO] Scheduled task: Cerebrum reflection (0 3 * * 0)
[2026-04-20T23:38:17.660Z] [INFO] Scheduled task: AI suggestions (0 4 * * 1)
[2026-04-20T23:38:17.661Z] [INFO] File watcher started on .wolf/
[2026-04-20T23:38:17.661Z] [INFO] OpenWolf daemon started
[2026-04-20T23:38:17.661Z] [INFO] Dashboard server listening on port 18791
[2026-04-20T23:38:17.769Z] [INFO] Scheduled task: Full anatomy rescan (0 */6 * * *)
[2026-04-20T23:38:17.770Z] [INFO] Scheduled task: Consolidate old memory (0 2 * * *)
[2026-04-20T23:38:17.770Z] [INFO] Scheduled task: Token audit report (0 0 * * 1)
[2026-04-20T23:38:17.770Z] [INFO] Scheduled task: Cerebrum reflection (0 3 * * 0)
[2026-04-20T23:38:17.770Z] [INFO] Scheduled task: AI suggestions (0 4 * * 1)
[2026-04-20T23:38:17.770Z] [INFO] File watcher started on .wolf/
[2026-04-20T23:38:17.771Z] [INFO] OpenWolf daemon started
[2026-04-20T23:38:17.771Z] [INFO] Dashboard server listening on port 18791
[2026-04-20T23:38:17.876Z] [INFO] Scheduled task: Full anatomy rescan (0 */6 * * *)
[2026-04-20T23:38:17.877Z] [INFO] Scheduled task: Consolidate old memory (0 2 * * *)
[2026-04-20T23:38:17.878Z] [INFO] Scheduled task: Token audit report (0 0 * * 1)
[2026-04-20T23:38:17.878Z] [INFO] Scheduled task: Cerebrum reflection (0 3 * * 0)
[2026-04-20T23:38:17.878Z] [INFO] Scheduled task: AI suggestions (0 4 * * 1)
[2026-04-20T23:38:17.878Z] [INFO] File watcher started on .wolf/
[2026-04-20T23:38:17.879Z] [INFO] OpenWolf daemon started
[2026-04-20T23:38:17.879Z] [INFO] Dashboard server listening on port 18791
[2026-04-20T23:38:17.994Z] [INFO] Scheduled task: Full anatomy rescan (0 */6 * * *)
[2026-04-20T23:38:17.995Z] [INFO] Scheduled task: Consolidate old memory (0 2 * * *)
[2026-04-20T23:38:17.995Z] [INFO] Scheduled task: Token audit report (0 0 * * 1)
[2026-04-20T23:38:17.995Z] [INFO] Scheduled task: Cerebrum reflection (0 3 * * 0)
[2026-04-20T23:38:17.995Z] [INFO] Scheduled task: AI suggestions (0 4 * * 1)
[2026-04-20T23:38:17.995Z] [INFO] File watcher started on .wolf/
[2026-04-20T23:38:17.996Z] [INFO] OpenWolf daemon started
[2026-04-20T23:38:17.996Z] [INFO] Dashboard server listening on port 18791
[2026-04-20T23:38:18.102Z] [INFO] Scheduled task: Full anatomy rescan (0 */6 * * *)
[2026-04-20T23:38:18.103Z] [INFO] Scheduled task: Consolidate old memory (0 2 * * *)
[2026-04-20T23:38:18.103Z] [INFO] Scheduled task: Token audit report (0 0 * * 1)
[2026-04-20T23:38:18.103Z] [INFO] Scheduled task: Cerebrum reflection (0 3 * * 0)
[2026-04-20T23:38:18.103Z] [INFO] Scheduled task: AI suggestions (0 4 * * 1)
[2026-04-20T23:38:18.104Z] [INFO] File watcher started on .wolf/
[2026-04-20T23:38:18.104Z] [INFO] OpenWolf daemon started
[2026-04-20T23:38:18.104Z] [INFO] Dashboard server listening on port 18791
[2026-04-20T23:38:18.211Z] [INFO] Scheduled task: Full anatomy rescan (0 */6 * * *)
[2026-04-20T23:38:18.212Z] [INFO] Scheduled task: Consolidate old memory (0 2 * * *)
[2026-04-20T23:38:18.212Z] [INFO] Scheduled task: Token audit report (0 0 * * 1)
[2026-04-20T23:38:18.212Z] [INFO] Scheduled task: Cerebrum reflection (0 3 * * 0)
[2026-04-20T23:38:18.212Z] [INFO] Scheduled task: AI suggestions (0 4 * * 1)
[2026-04-20T23:38:18.213Z] [INFO] File watcher started on .wolf/
[2026-04-20T23:38:18.213Z] [INFO] OpenWolf daemon started
[2026-04-20T23:38:18.213Z] [INFO] Dashboard server listening on port 18791
[2026-04-20T23:38:18.321Z] [INFO] Scheduled task: Full anatomy rescan (0 */6 * * *)
[2026-04-20T23:38:18.322Z] [INFO] Scheduled task: Consolidate old memory (0 2 * * *)
[2026-04-20T23:38:18.322Z] [INFO] Scheduled task: Token audit report (0 0 * * 1)
[2026-04-20T23:38:18.322Z] [INFO] Scheduled task: Cerebrum reflection (0 3 * * 0)
[2026-04-20T23:38:18.322Z] [INFO] Scheduled task: AI suggestions (0 4 * * 1)
[2026-04-20T23:38:18.322Z] [INFO] File watcher started on .wolf/
[2026-04-20T23:38:18.323Z] [INFO] OpenWolf daemon started
[2026-04-20T23:38:18.323Z] [INFO] Dashboard server listening on port 18791
[2026-04-20T23:38:18.431Z] [INFO] Scheduled task: Full anatomy rescan (0 */6 * * *)
[2026-04-20T23:38:18.433Z] [INFO] Scheduled task: Consolidate old memory (0 2 * * *)
[2026-04-20T23:38:18.433Z] [INFO] Scheduled task: Token audit report (0 0 * * 1)
[2026-04-20T23:38:18.433Z] [INFO] Scheduled task: Cerebrum reflection (0 3 * * 0)
[2026-04-20T23:38:18.433Z] [INFO] Scheduled task: AI suggestions (0 4 * * 1)
[2026-04-20T23:38:18.434Z] [INFO] File watcher started on .wolf/
[2026-04-20T23:38:18.434Z] [INFO] OpenWolf daemon started
[2026-04-20T23:38:18.434Z] [INFO] Dashboard server listening on port 18791
[2026-04-20T23:38:18.549Z] [INFO] Scheduled task: Full anatomy rescan (0 */6 * * *)
[2026-04-20T23:38:18.550Z] [INFO] Scheduled task: Consolidate old memory (0 2 * * *)
[2026-04-20T23:38:18.550Z] [INFO] Scheduled task: Token audit report (0 0 * * 1)
[2026-04-20T23:38:18.550Z] [INFO] Scheduled task: Cerebrum reflection (0 3 * * 0)
[2026-04-20T23:38:18.550Z] [INFO] Scheduled task: AI suggestions (0 4 * * 1)
[2026-04-20T23:38:18.550Z] [INFO] File watcher started on .wolf/
[2026-04-20T23:38:18.551Z] [INFO] OpenWolf daemon started
[2026-04-20T23:38:18.551Z] [INFO] Dashboard server listening on port 18791
[2026-04-20T23:38:18.658Z] [INFO] Scheduled task: Full anatomy rescan (0 */6 * * *)
[2026-04-20T23:38:18.660Z] [INFO] Scheduled task: Consolidate old memory (0 2 * * *)
[2026-04-20T23:38:18.660Z] [INFO] Scheduled task: Token audit report (0 0 * * 1)
[2026-04-20T23:38:18.660Z] [INFO] Scheduled task: Cerebrum reflection (0 3 * * 0)
[2026-04-20T23:38:18.660Z] [INFO] Scheduled task: AI suggestions (0 4 * * 1)
[2026-04-20T23:38:18.661Z] [INFO] File watcher started on .wolf/
[2026-04-20T23:38:18.661Z] [INFO] OpenWolf daemon started
[2026-04-20T23:38:18.661Z] [INFO] Dashboard server listening on port 18791
[2026-04-20T23:38:18.767Z] [INFO] Scheduled task: Full anatomy rescan (0 */6 * * *)
[2026-04-20T23:38:18.768Z] [INFO] Scheduled task: Consolidate old memory (0 2 * * *)
[2026-04-20T23:38:18.769Z] [INFO] Scheduled task: Token audit report (0 0 * * 1)
[2026-04-20T23:38:18.769Z] [INFO] Scheduled task: Cerebrum reflection (0 3 * * 0)
[2026-04-20T23:38:18.769Z] [INFO] Scheduled task: AI suggestions (0 4 * * 1)
[2026-04-20T23:38:18.769Z] [INFO] File watcher started on .wolf/
[2026-04-20T23:38:18.770Z] [INFO] OpenWolf daemon started
[2026-04-20T23:38:18.770Z] [INFO] Dashboard server listening on port 18791
